
SQL*Loader: Release 11.2.0.2.0 - Production on Fri Sep 17 21:28:22 2010

Copyright (c) 1982, 2009, Oracle and/or its affiliates.  All rights reserved.

Control File:   2010.ctl
Data File:      C:\xdb\Demo\11.2.0.1.0\HOL-2011\LOCAL\SampleData\2010.dat
  Bad File:     2010.bad
  Discard File:  none specified
 
 (Allow all discards)

Number to load: ALL
Number to skip: 0
Errors allowed: 50
Bind array:     1000 rows, maximum of 256000 bytes
Continuation:    none specified
Path used:      Conventional

Table PURCHASEORDER, loaded from every logical record.
Insert option in effect for this table: APPEND

   Column Name                  Position   Len  Term Encl Datatype
------------------------------ ---------- ----- ---- ---- ---------------------
FILENAME                            FIRST   120           CHARACTER            
  (FILLER FIELD)
XMLDATA                           DERIVED     *  EOF      CHARACTER            
    Dynamic LOBFILE.  Filename in field FILENAME


Table PURCHASEORDER_SBXML:
  10000 Rows successfully loaded.
  0 Rows not loaded due to data errors.
  0 Rows not loaded because all WHEN clauses were failed.
  0 Rows not loaded because all fields were null.


Space allocated for bind array:                 130000 bytes(1000 rows)
Read   buffer bytes: 1048576

Total logical records skipped:          0
Total logical records read:         10000
Total logical records rejected:         0
Total logical records discarded:        0

Run began on Fri Sep 17 21:28:22 2010
Run ended on Fri Sep 17 21:28:42 2010

Elapsed time was:     00:00:20.18
CPU time was:         00:00:01.98

